<?xml version="1.0" encoding="UTF-8"?>
<!-- Generated by org.testng.reporters.JUnitXMLReporter -->
<testsuite ignored="0" hostname="INBE1E-DL2885BC" failures="1" tests="8" name="Test" time="11.383" errors="0" timestamp="11 Nov 2022 09:16:08 GMT">
  <testcase classname="com.graphql.test.GraphQLQuery" name="compAndLaunchDetails" time="3.456"/>
  <testcase classname="com.graphql.test.GraphQLQuery" name="createMutation" time="1.282"/>
  <testcase classname="com.graphql.test.GraphQLQuery" name="getLaunchesDetailsTest" time="0.876"/>
  <testcase classname="com.graphql.test.GraphQLQuery" name="getSpaceDetailsWithPojoTest" time="1.143"/>
  <testcase classname="com.graphql.test.GraphQLQuery" name="getUserDetailsWithPojoTest" time="1.25">
    <failure type="java.lang.AssertionError" message="1 expectation failed.
JSON path data.users[0].name doesn&amp;apos;t match.
Expected: tui.glen
  Actual: null
">
      <![CDATA[java.lang.AssertionError: 1 expectation failed.
JSON path data.users[0].name doesn't match.
Expected: tui.glen
  Actual: null

at org.codehaus.groovy.runtime.callsite.ConstructorSite$ConstructorSiteNoUnwrapNoCoerce.callConstructor(ConstructorSite.java:108)
at org.codehaus.groovy.runtime.callsite.CallSiteArray.defaultCallConstructor(CallSiteArray.java:58)
at org.codehaus.groovy.runtime.callsite.AbstractCallSite.callConstructor(AbstractCallSite.java:263)
at org.codehaus.groovy.runtime.callsite.AbstractCallSite.callConstructor(AbstractCallSite.java:277)
at io.restassured.internal.ResponseSpecificationImpl$HamcrestAssertionClosure.validate(ResponseSpecificationImpl.groovy:512)
at io.restassured.internal.ResponseSpecificationImpl$HamcrestAssertionClosure$validate$1.call(Unknown Source)
at io.restassured.internal.ResponseSpecificationImpl.validateResponseIfRequired(ResponseSpecificationImpl.groovy:696)
at io.restassured.internal.ResponseSpecificationImpl.this$2$validateResponseIfRequired(ResponseSpecificationImpl.groovy)
at org.codehaus.groovy.runtime.callsite.PlainObjectMetaMethodSite.doInvoke(PlainObjectMetaMethodSite.java:43)
at org.codehaus.groovy.runtime.callsite.PogoMetaMethodSite$PogoCachedMethodSiteNoUnwrapNoCoerce.invoke(PogoMetaMethodSite.java:198)
at org.codehaus.groovy.runtime.callsite.PogoMetaMethodSite.callCurrent(PogoMetaMethodSite.java:62)
at org.codehaus.groovy.runtime.callsite.AbstractCallSite.callCurrent(AbstractCallSite.java:185)
at io.restassured.internal.ResponseSpecificationImpl.body(ResponseSpecificationImpl.groovy:270)
at io.restassured.specification.ResponseSpecification$body$1.callCurrent(Unknown Source)
at io.restassured.internal.ResponseSpecificationImpl.body(ResponseSpecificationImpl.groovy:117)
at io.restassured.internal.ValidatableResponseOptionsImpl.body(ValidatableResponseOptionsImpl.java:244)
at com.graphql.test.GraphQLQuery.getUserDetailsWithPojoTest(GraphQLQuery.java:225)
... Removed 35 stack frames]]>
    </failure>
  </testcase> <!-- getUserDetailsWithPojoTest -->
  <testcase classname="com.graphql.test.GraphQLQuery" name="graphQLTest" time="1.259"/>
  <testcase classname="com.graphql.test.GraphQLQuery" name="passPayloadFromOutside" time="1.088"/>
  <testcase classname="com.graphql.test.GraphQLQuery" name="spaceDetails" time="0.933"/>
</testsuite> <!-- Test -->
